<?xml version="1.0" encoding="UTF-8"?>
<!-- Generated by org.testng.reporters.JUnitReportReporter -->
<testsuite skipped="0" hostname="DESKTOP-RBDCQ6R" name="qaclickacademy.Mavenjava.Apium_03_Test" tests="2" failures="0" timestamp="2021-09-19T15:11:27 EDT" time="0.010" errors="0">
  <testcase name="NativeAppAndroid" time="0.009" classname="qaclickacademy.Mavenjava.Apium_03_Test"/>
  <testcase name="iOSApp" time="0.001" classname="qaclickacademy.Mavenjava.Apium_03_Test"/>
</testsuite> <!-- qaclickacademy.Mavenjava.Apium_03_Test -->
