<?xml version="1.0" encoding="UTF-8"?>
<!-- Generated by org.testng.reporters.JUnitReportReporter -->
<testsuite skipped="0" hostname="DESKTOP-RBDCQ6R" name="qaclickacademy.Mavenjava.AppTest" tests="1" failures="0" timestamp="2021-09-17T21:09:04 EDT" time="0.009" errors="0">
  <testcase name="shouldAnswerWithTrue" time="0.009" classname="qaclickacademy.Mavenjava.AppTest"/>
</testsuite> <!-- qaclickacademy.Mavenjava.AppTest -->
