<?xml version="1.0" encoding="UTF-8"?>
<!-- Generated by org.testng.reporters.JUnitReportReporter -->
<testsuite skipped="0" hostname="DESKTOP-RBDCQ6R" name="qaclickacademy.Mavenjava.RestAPI_02_Test" tests="2" failures="0" timestamp="2021-09-17T21:09:04 EDT" time="0.001" errors="0">
  <testcase name="DeleteTwitter" time="0.001" classname="qaclickacademy.Mavenjava.RestAPI_02_Test"/>
  <testcase name="PostJira" time="0.000" classname="qaclickacademy.Mavenjava.RestAPI_02_Test"/>
</testsuite> <!-- qaclickacademy.Mavenjava.RestAPI_02_Test -->
