<?xml version="1.0" encoding="UTF-8"?>
<!-- Generated by org.testng.reporters.JUnitReportReporter -->
<testsuite skipped="0" hostname="DESKTOP-RBDCQ6R" name="qaclickacademy.Mavenjava.RestAPI_02_Test" tests="2" failures="0" timestamp="2021-10-16T00:13:22 EDT" time="0.000" errors="0">
  <testcase name="DeleteTwitter" time="0.000" classname="qaclickacademy.Mavenjava.RestAPI_02_Test"/>
  <system-out/>
  <testcase name="PostJira" time="0.000" classname="qaclickacademy.Mavenjava.RestAPI_02_Test"/>
  <system-out/>
</testsuite> <!-- qaclickacademy.Mavenjava.RestAPI_02_Test -->
