<?xml version="1.0" encoding="UTF-8"?>
<!-- Generated by org.testng.reporters.JUnitReportReporter -->
<testsuite skipped="0" hostname="DESKTOP-RBDCQ6R" name="qaclickacademy.Mavenjava.AppTest" tests="1" failures="0" timestamp="2021-10-16T00:13:22 EDT" time="0.001" errors="0">
  <testcase name="shouldAnswerWithTrue" time="0.001" classname="qaclickacademy.Mavenjava.AppTest"/>
  <system-out/>
</testsuite> <!-- qaclickacademy.Mavenjava.AppTest -->
