<?xml version="1.0" encoding="UTF-8"?>
<!-- Generated by org.testng.reporters.JUnitReportReporter -->
<testsuite skipped="0" hostname="DESKTOP-RBDCQ6R" name="qaclickacademy.Mavenjava.Apium_03_Test" tests="2" failures="0" timestamp="2021-10-16T00:13:22 EDT" time="0.005" errors="0">
  <testcase name="NativeAppAndroid" time="0.005" classname="qaclickacademy.Mavenjava.Apium_03_Test"/>
  <system-out/>
  <testcase name="iOSApp" time="0.000" classname="qaclickacademy.Mavenjava.Apium_03_Test"/>
  <system-out/>
</testsuite> <!-- qaclickacademy.Mavenjava.Apium_03_Test -->
